#
# A fatal error has been detected by the Java Runtime Environment:
#
#  SIGSEGV (0xb) at pc=0x000000012b19ea4d, pid=3263, tid=0x0000000000000103
#
# JRE version: Java(TM) SE Runtime Environment (8.0_202-b08) (build 1.8.0_202-b08)
# Java VM: Java HotSpot(TM) 64-Bit Server VM (25.202-b08 mixed mode bsd-amd64 compressed oops)
# Problematic frame:
# C  [libglass.dylib+0x25a4d]  -[GlassWindow(Overrides) windowDidResignKey:]+0xdd
#
# Failed to write core dump. Core dumps have been disabled. To enable core dumping, try "ulimit -c unlimited" before starting Java again
#
# If you would like to submit a bug report, please visit:
#   http://bugreport.java.com/bugreport/crash.jsp
#

---------------  T H R E A D  ---------------

Current thread is native thread

siginfo: si_signo: 11 (SIGSEGV), si_code: 1 (SEGV_MAPERR), si_addr: 0x0000000000000000

Registers:
RAX=0x0000000000000103, RBX=0x00007fd44c835ac8, RCX=0x0000000000000000, RDX=0x00000000005fe600
RSP=0x000000030d9c2030, RBP=0x000000030d9c2460, RSI=0x000000010d51a800, RDI=0x0000000000000000
R8 =0x00007fd44ca3f400, R9 =0x00007fd44c9f5600, R10=0x00007fd44c8081f8, R11=0x00007fd44c800000
R12=0x000000012b1bc9d0, R13=0x000060000094bba0, R14=0x00007fd44c835a00, R15=0x0000000000000000
RIP=0x000000012b19ea4d, EFLAGS=0x0000000000000202, ERR=0x0000000000000004
  TRAPNO=0x000000000000000e

Top of Stack: (sp=0x000000030d9c2030)
0x000000030d9c2030:   000000012b19ea0f 00007ff808b9cef6
0x000000030d9c2040:   00007ff808c2ccac 00007ff808c2cbfd
0x000000030d9c2050:   00007ff808b6ce49 00007ff809a4e22e
0x000000030d9c2060:   00007ff80c2ada2e 00007ff80cd149e2
0x000000030d9c2070:   00007ff80c161fb0 00007ff80cd16ce7
0x000000030d9c2080:   00007ff80cd1715c 00007ff80cd173e6
0x000000030d9c2090:   00007ff80cd11870 00007ff80c40fe0b
0x000000030d9c20a0:   000000012b19f393 00007ff809ac1ca5
0x000000030d9c20b0:   00007ff808ba7a16 00007ff808ba79b9
0x000000030d9c20c0:   00007ff808ba77ec 00007ff808ba63f8
0x000000030d9c20d0:   00007ff808ba5a99 0000000104b7f46e
0x000000030d9c20e0:   0000000104b7b03c 0000000104b814cb
0x000000030d9c20f0:   0000000104b7a894 0000000000000000
0x000000030d9c2100:   00007ff8088ecea9 0000600000e0dbc0
0x000000030d9c2110:   0000000000000015 00007ff848839100
0x000000030d9c2120:   00007ff8486c7c30 0000000000000000
0x000000030d9c2130:   771bb40e1e53009b 000000030d9c25c0
0x000000030d9c2140:   0000000000000014 0000000000000000
0x000000030d9c2150:   000000030d9c25a0 00007ff813912b63
0x000000030d9c2160:   00007ff84a72dc78 000000000000f337
0x000000030d9c2170:   0000000000000000 0000000000000000
0x000000030d9c2180:   0000000000000000 0000000000000000
0x000000030d9c2190:   0000000000000000 0000000000000000
0x000000030d9c21a0:   0000000000000000 0000000000000000
0x000000030d9c21b0:   0000000000000000 0000000000000000
0x000000030d9c21c0:   000000030d9c2230 000000030d9c2248
0x000000030d9c21d0:   00007ff84bf7f208 000000030d9c2250
0x000000030d9c21e0:   000000030d9c2250 000000030d9c2268
0x000000030d9c21f0:   00007ff84bf7f108 000000030d9c2270
0x000000030d9c2200:   000000030d9c2240 00007ff80872844c
0x000000030d9c2210:   00007fd43b8cba80 00006000009501b0
0x000000030d9c2220:   000000030d9c2250 0000600001808401 

Instructions: (pc=0x000000012b19ea4d)
0x000000012b19ea2d:   44 00 00 48 8b 3b e8 da 70 00 00 48 83 c3 08 49
0x000000012b19ea3d:   ff cf 75 ef 4c 89 f7 e8 43 6f 00 00 49 8b 3c 24
0x000000012b19ea4d:   48 8b 1f 48 8d 05 11 b2 01 00 48 8b 00 49 8b 74
0x000000012b19ea5d:   05 00 48 8d 05 e2 df 01 00 48 8b 10 b9 1d 02 00 

Register to memory mapping:

RAX=0x0000000000000103 is an unknown value
RBX=0x00007fd44c835ac8 is an unknown value
RCX=0x0000000000000000 is an unknown value
RDX=0x00000000005fe600 is an unknown value
RSP=0x000000030d9c2030 is an unknown value
RBP=0x000000030d9c2460 is an unknown value
RSI=0x000000010d51a800 is an unknown value
RDI=0x0000000000000000 is an unknown value
R8 =0x00007fd44ca3f400 is an unknown value
R9 =0x00007fd44c9f5600 is an unknown value
R10=0x00007fd44c8081f8 is an unknown value
R11=0x00007fd44c800000 is an unknown value
R12=0x000000012b1bc9d0: jEnv+0 in /Library/Java/JavaVirtualMachines/jdk1.8.0_202.jdk/Contents/Home/jre/lib/libglass.dylib at 0x000000012b179000
R13=0x000060000094bba0 is an unknown value
R14=0x00007fd44c835a00 is an unknown value
R15=0x0000000000000000 is an unknown value


Stack: [0x000000030d1c6000,0x000000030d9c6000],  sp=0x000000030d9c2030,  free space=8176k
Native frames: (J=compiled Java code, j=interpreted, Vv=VM code, C=native code)
C  [libglass.dylib+0x25a4d]  -[GlassWindow(Overrides) windowDidResignKey:]+0xdd
C  [CoreFoundation+0x70ef6]  __CFNOTIFICATIONCENTER_IS_CALLING_OUT_TO_AN_OBSERVER__+0x89
C  [CoreFoundation+0x100cac]  ___CFXRegistrationPost_block_invoke+0x56
C  [CoreFoundation+0x100bfd]  _CFXRegistrationPost+0x212
C  [CoreFoundation+0x40e49]  _CFXNotificationPost+0x33a
C  [Foundation+0x922e]  -[NSNotificationCenter postNotificationName:object:userInfo:]+0x52
C  [AppKit+0x1d4a2e]  -[NSWindow resignKeyWindow]+0x2b8
C  [AppKit+0xc3b9e2]  -[NSWindow _orderOut:calculatingKeyWithOptions:documentWindow:]+0x11e
C  [AppKit+0x88fb0]  NSPerformVisuallyAtomicChange+0x86
C  [AppKit+0xc3dce7]  -[NSWindow _reallyDoOrderWindowOutRelativeTo:]+0x240
C  [AppKit+0xc3e15c]  -[NSWindow _reallyDoOrderWindow:]+0x6a
C  [AppKit+0xc3e3e6]  -[NSWindow _doOrderWindow:]+0x12a
C  [AppKit+0xc38870]  -[NSWindow _finishClosingWindow]+0x202
C  [AppKit+0x336e0b]  -[NSWindow _close]+0x1d9
C  [libglass.dylib+0x26393]  -[GlassWindow_Normal close]+0x53
C  [Foundation+0x7cca5]  __NSThreadPerformPerform+0xb2
C  [CoreFoundation+0x7ba16]  __CFRUNLOOP_IS_CALLING_OUT_TO_A_SOURCE0_PERFORM_FUNCTION__+0x11
C  [CoreFoundation+0x7b9b9]  __CFRunLoopDoSource0+0x9d
C  [CoreFoundation+0x7b7ec]  __CFRunLoopDoSources0+0x13b
C  [CoreFoundation+0x7a3f8]  __CFRunLoopRun+0x397
C  [CoreFoundation+0x79a99]  CFRunLoopRunSpecific+0x22d
C  [java+0x646e]  CreateExecutionEnvironment+0x367
C  [java+0x203c]  JLI_Launch+0x7a0
C  [java+0x84cb]  main+0x65
C  [java+0x1894]  start+0x34


---------------  P R O C E S S  ---------------

VM state:at safepoint (normal execution)

VM Mutex/Monitor currently owned by a thread:  ([mutex/lock_event])
[0x000060000154f200] Threads_lock - owner thread: 0x00007fd43b850000
[0x000060000154f700] Heap_lock - owner thread: 0x00007fd44c858000

heap address: 0x00000006c0000000, size: 4096 MB, Compressed Oops mode: Zero based, Oop shift amount: 3
Narrow klass base: 0x0000000000000000, Narrow klass shift: 3
Compressed class space size: 1073741824 Address: 0x00000007c0000000

Heap:
 PSYoungGen      total 76288K, used 23435K [0x000000076ab00000, 0x0000000770000000, 0x00000007c0000000)
  eden space 65536K, 20% used [0x000000076ab00000,0x000000076b8496e0,0x000000076eb00000)
  from space 10752K, 91% used [0x000000076eb00000,0x000000076f499560,0x000000076f580000)
  to   space 10752K, 0% used [0x000000076f580000,0x000000076f580000,0x0000000770000000)
 ParOldGen       total 175104K, used 8K [0x00000006c0000000, 0x00000006cab00000, 0x000000076ab00000)
  object space 175104K, 0% used [0x00000006c0000000,0x00000006c0002000,0x00000006cab00000)
 Metaspace       used 19351K, capacity 20606K, committed 20736K, reserved 1067008K
  class space    used 2745K, capacity 3024K, committed 3072K, reserved 1048576K

Card table byte_map: [0x000000010da77000,0x000000010e278000] byte_map_base: 0x000000010a477000

Marking Bits: (ParMarkBitMap*) 0x000000010eebfe40
 Begin Bits: [0x000000011f9d2000, 0x00000001239d2000)
 End Bits:   [0x00000001239d2000, 0x00000001279d2000)

Polling page: 0x000000010d0ff000

CodeCache: size=245760Kb used=8718Kb max_used=8718Kb free=237041Kb
 bounds [0x000000011047c000, 0x0000000110d0c000, 0x000000011f47c000]
 total_blobs=3516 nmethods=2849 adapters=579
 compilation: enabled

Compilation events (10 events):
Event: 9.228 Thread 0x00007fd43c810000 2845       3       com.sun.glass.ui.mac.MacGestureSupport::notifyEndTouchEvent (8 bytes)
Event: 9.228 Thread 0x00007fd43c810000 nmethod 2845 0x0000000110cf5950 code [0x0000000110cf5ac0, 0x0000000110cf5c48]
Event: 9.228 Thread 0x00007fd43c810000 2847       3       com.sun.glass.ui.TouchInputSupport::notifyBeginTouchEvent (228 bytes)
Event: 9.230 Thread 0x00007fd43c810000 nmethod 2847 0x0000000110cfe690 code [0x0000000110cfe9e0, 0x0000000110d007a8]
Event: 9.270 Thread 0x00007fd43c810000 2848       3       java.util.concurrent.locks.AbstractQueuedSynchronizer::release (33 bytes)
Event: 9.271 Thread 0x00007fd43c810000 nmethod 2848 0x0000000110d01510 code [0x0000000110d016a0, 0x0000000110d019b8]
Event: 9.343 Thread 0x00007fd43c810000 2849       3       java.util.concurrent.locks.ReentrantLock$NonfairSync::lock (25 bytes)
Event: 9.345 Thread 0x00007fd43c810000 nmethod 2849 0x0000000110d01a90 code [0x0000000110d01c60, 0x0000000110d024b8]
Event: 9.488 Thread 0x00007fd43c810000 2850       3       java.util.concurrent.locks.ReentrantLock::lock (8 bytes)
Event: 9.488 Thread 0x00007fd43c810000 nmethod 2850 0x0000000110d02710 code [0x0000000110d02880, 0x0000000110d02aa8]

GC Heap History (2 events):
Event: 5.416 GC heap before
{Heap before GC invocations=1 (full 0):
 PSYoungGen      total 76288K, used 60444K [0x000000076ab00000, 0x0000000770000000, 0x00000007c0000000)
  eden space 65536K, 92% used [0x000000076ab00000,0x000000076e6073e8,0x000000076eb00000)
  from space 10752K, 0% used [0x000000076f580000,0x000000076f580000,0x0000000770000000)
  to   space 10752K, 0% used [0x000000076eb00000,0x000000076eb00000,0x000000076f580000)
 ParOldGen       total 175104K, used 0K [0x00000006c0000000, 0x00000006cab00000, 0x000000076ab00000)
  object space 175104K, 0% used [0x00000006c0000000,0x00000006c0000000,0x00000006cab00000)
 Metaspace       used 18935K, capacity 20140K, committed 20480K, reserved 1067008K
  class space    used 2710K, capacity 2987K, committed 3072K, reserved 1048576K
Event: 5.459 GC heap after
Heap after GC invocations=1 (full 0):
 PSYoungGen      total 76288K, used 9829K [0x000000076ab00000, 0x0000000770000000, 0x00000007c0000000)
  eden space 65536K, 0% used [0x000000076ab00000,0x000000076ab00000,0x000000076eb00000)
  from space 10752K, 91% used [0x000000076eb00000,0x000000076f499560,0x000000076f580000)
  to   space 10752K, 0% used [0x000000076f580000,0x000000076f580000,0x0000000770000000)
 ParOldGen       total 175104K, used 8K [0x00000006c0000000, 0x00000006cab00000, 0x000000076ab00000)
  object space 175104K, 0% used [0x00000006c0000000,0x00000006c0002000,0x00000006cab00000)
 Metaspace       used 18935K, capacity 20140K, committed 20480K, reserved 1067008K
  class space    used 2710K, capacity 2987K, committed 3072K, reserved 1048576K
}

Deoptimization events (10 events):
Event: 4.078 Thread 0x00007fd44c858000 Uncommon trap: reason=bimorphic action=maybe_recompile pc=0x0000000110a6165c method=javafx.scene.Node.impl_geomChanged()V @ 33
Event: 4.078 Thread 0x00007fd44c858000 Uncommon trap: reason=bimorphic action=maybe_recompile pc=0x0000000110a6165c method=javafx.scene.Node.impl_geomChanged()V @ 33
Event: 4.121 Thread 0x00007fd44c858000 Uncommon trap: reason=bimorphic action=maybe_recompile pc=0x0000000110a6165c method=javafx.scene.Node.impl_geomChanged()V @ 33
Event: 4.126 Thread 0x00007fd44c858000 Uncommon trap: reason=unstable_if action=reinterpret pc=0x0000000110ab93e0 method=javafx.scene.Node.impl_isDirty(Lcom/sun/javafx/scene/DirtyBits;)Z @ 12
Event: 5.304 Thread 0x00007fd44c858000 Uncommon trap: reason=class_check action=maybe_recompile pc=0x0000000110ba8ba8 method=javafx.scene.Node.updateLocalToParentTransform()V @ 11
Event: 5.404 Thread 0x00007fd44c858000 Uncommon trap: reason=class_check action=maybe_recompile pc=0x0000000110ba8ba8 method=javafx.scene.Node.updateLocalToParentTransform()V @ 11
Event: 5.405 Thread 0x00007fd44c858000 Uncommon trap: reason=class_check action=maybe_recompile pc=0x0000000110ba8ba8 method=javafx.scene.Node.updateLocalToParentTransform()V @ 11
Event: 5.405 Thread 0x00007fd44c858000 Uncommon trap: reason=class_check action=maybe_recompile pc=0x0000000110ba8ba8 method=javafx.scene.Node.updateLocalToParentTransform()V @ 11
Event: 5.507 Thread 0x00007fd44c836000 Uncommon trap: reason=unstable_if action=reinterpret pc=0x00000001107c30bc method=java.lang.ref.SoftReference.get()Ljava/lang/Object; @ 17
Event: 7.185 Thread 0x00007fd44c858000 Uncommon trap: reason=unstable_if action=reinterpret pc=0x00000001108da77c method=java.lang.ref.ReferenceQueue.poll()Ljava/lang/ref/Reference; @ 4

Classes redefined (0 events):
No events

Internal exceptions (10 events):
Event: 1.114 Thread 0x00007fd44c858000 Exception <a 'java/lang/NoSuchMethodError': <clinit>> (0x000000076c5f5480) thrown at [/Users/java_re/workspace/8-2-build-macosx-x86_64/jdk8u202/12323/hotspot/src/share/vm/prims/jni.cpp, line 1614]
Event: 1.115 Thread 0x00007fd44c858000 Exception <a 'java/lang/NoSuchMethodError': <clinit>> (0x000000076c5ff7c0) thrown at [/Users/java_re/workspace/8-2-build-macosx-x86_64/jdk8u202/12323/hotspot/src/share/vm/prims/jni.cpp, line 1614]
Event: 1.117 Thread 0x00007fd44c858000 Exception <a 'java/lang/NoSuchMethodError': <clinit>> (0x000000076c615a10) thrown at [/Users/java_re/workspace/8-2-build-macosx-x86_64/jdk8u202/12323/hotspot/src/share/vm/prims/jni.cpp, line 1614]
Event: 1.118 Thread 0x00007fd44c858000 Exception <a 'java/lang/NoSuchMethodError': <clinit>> (0x000000076c61f2c0) thrown at [/Users/java_re/workspace/8-2-build-macosx-x86_64/jdk8u202/12323/hotspot/src/share/vm/prims/jni.cpp, line 1614]
Event: 1.119 Thread 0x00007fd44c858000 Exception <a 'java/lang/NoSuchMethodError': <clinit>> (0x000000076c62a3d8) thrown at [/Users/java_re/workspace/8-2-build-macosx-x86_64/jdk8u202/12323/hotspot/src/share/vm/prims/jni.cpp, line 1614]
Event: 1.122 Thread 0x00007fd44c858000 Exception <a 'java/lang/NoSuchMethodError': <clinit>> (0x000000076c641be0) thrown at [/Users/java_re/workspace/8-2-build-macosx-x86_64/jdk8u202/12323/hotspot/src/share/vm/prims/jni.cpp, line 1614]
Event: 1.125 Thread 0x00007fd44c858000 Exception <a 'java/lang/NoSuchMethodError': <clinit>> (0x000000076c64f768) thrown at [/Users/java_re/workspace/8-2-build-macosx-x86_64/jdk8u202/12323/hotspot/src/share/vm/prims/jni.cpp, line 1614]
Event: 1.126 Thread 0x00007fd44c858000 Exception <a 'java/lang/NoSuchMethodError': <clinit>> (0x000000076c65e618) thrown at [/Users/java_re/workspace/8-2-build-macosx-x86_64/jdk8u202/12323/hotspot/src/share/vm/prims/jni.cpp, line 1614]
Event: 1.130 Thread 0x00007fd44c858000 Exception <a 'java/lang/NoSuchMethodError': <clinit>> (0x000000076c676fc8) thrown at [/Users/java_re/workspace/8-2-build-macosx-x86_64/jdk8u202/12323/hotspot/src/share/vm/prims/jni.cpp, line 1614]
Event: 1.886 Thread 0x00007fd44c858000 Implicit null exception at 0x00000001108de027 to 0x00000001108de691

Events (10 events):
Event: 9.516 Thread 0x00007fd43b809000 Thread exited: 0x00007fd43b809000
Event: 9.516 Thread 0x00007fd44c858000 Thread added: 0x00007fd44c858000
Event: 9.516 loading class java/util/IdentityHashMap$KeySet
Event: 9.516 loading class java/util/IdentityHashMap$KeySet done
Event: 9.516 loading class java/util/IdentityHashMap$KeyIterator
Event: 9.516 loading class java/util/IdentityHashMap$IdentityHashMapIterator
Event: 9.516 loading class java/util/IdentityHashMap$IdentityHashMapIterator done
Event: 9.516 loading class java/util/IdentityHashMap$KeyIterator done
Event: 9.517 Thread 0x00007fd44c858000 Thread exited: 0x00007fd44c858000
Event: 9.518 Thread 0x00007fd43d015800 Thread exited: 0x00007fd43d015800


Dynamic libraries:
0x00007ff823c4e000 	/System/Library/Frameworks/Cocoa.framework/Versions/A/Cocoa
0x00007ff80c0d9000 	/System/Library/Frameworks/AppKit.framework/Versions/C/AppKit
0x00007ff80f40f000 	/System/Library/Frameworks/CoreData.framework/Versions/A/CoreData
0x00007ff809a45000 	/System/Library/Frameworks/Foundation.framework/Versions/C/Foundation
0x00007ff815fc6000 	/usr/lib/libSystem.B.dylib
0x00007ff80d4df000 	/System/Library/PrivateFrameworks/UIFoundation.framework/Versions/A/UIFoundation
0x00007ffb0dd05000 	/System/Library/PrivateFrameworks/CollectionViewCore.framework/Versions/A/CollectionViewCore
0x00007ff81d587000 	/System/Library/PrivateFrameworks/RemoteViewServices.framework/Versions/A/RemoteViewServices
0x00007ff813b8d000 	/System/Library/PrivateFrameworks/XCTTargetBootstrap.framework/Versions/A/XCTTargetBootstrap
0x00007ff818a43000 	/System/Library/PrivateFrameworks/InternationalSupport.framework/Versions/A/InternationalSupport
0x00007ff818acc000 	/System/Library/PrivateFrameworks/UserActivity.framework/Versions/A/UserActivity
0x00007ffc0f06a000 	/System/Library/PrivateFrameworks/WindowManagement.framework/Versions/A/WindowManagement
0x00007ff8096fe000 	/System/Library/Frameworks/SystemConfiguration.framework/Versions/A/SystemConfiguration
0x00007ff817e03000 	/usr/lib/libspindump.dylib
0x00007ff80d6bb000 	/System/Library/Frameworks/UniformTypeIdentifiers.framework/Versions/A/UniformTypeIdentifiers
0x00007ff811bd3000 	/usr/lib/libapp_launch_measurement.dylib
0x00007ff8108b7000 	/System/Library/PrivateFrameworks/CoreAnalytics.framework/Versions/A/CoreAnalytics
0x00007ff811bd6000 	/System/Library/PrivateFrameworks/CoreAutoLayout.framework/Versions/A/CoreAutoLayout
0x00007ff813402000 	/System/Library/Frameworks/Metal.framework/Versions/A/Metal
0x00007ff814357000 	/usr/lib/liblangid.dylib
0x00007ff813b92000 	/System/Library/PrivateFrameworks/CoreSVG.framework/Versions/A/CoreSVG
0x00007ff80e071000 	/System/Library/PrivateFrameworks/SkyLight.framework/Versions/A/SkyLight
0x00007ff80e4c5000 	/System/Library/Frameworks/CoreGraphics.framework/Versions/A/CoreGraphics
0x00007ff81dcdc000 	/System/Library/Frameworks/Accelerate.framework/Versions/A/Accelerate
0x00007ff817c67000 	/System/Library/PrivateFrameworks/IconServices.framework/Versions/A/IconServices
0x00007ff8133e3000 	/System/Library/Frameworks/IOSurface.framework/Versions/A/IOSurface
0x00007ff8108e3000 	/usr/lib/libDiagnosticMessagesClient.dylib
0x00007ff815ed5000 	/usr/lib/libz.1.dylib
0x00007ff821656000 	/System/Library/Frameworks/ApplicationServices.framework/Versions/A/ApplicationServices
0x00007ff813b79000 	/System/Library/PrivateFrameworks/DFRFoundation.framework/Versions/A/DFRFoundation
0x00007ff80b996000 	/usr/lib/libicucore.A.dylib
0x00007ff819a15000 	/System/Library/Frameworks/AudioToolbox.framework/Versions/A/AudioToolbox
0x00007ff818a4f000 	/System/Library/PrivateFrameworks/DataDetectorsCore.framework/Versions/A/DataDetectorsCore
0x00007ff912272000 	/System/Library/PrivateFrameworks/TextInput.framework/Versions/A/TextInput
0x00007ff80dfcb000 	/usr/lib/libMobileGestalt.dylib
0x00007ff8138dd000 	/System/Library/Frameworks/Carbon.framework/Versions/A/Frameworks/HIToolbox.framework/Versions/A/HIToolbox
0x00007ff81150e000 	/System/Library/Frameworks/QuartzCore.framework/Versions/A/QuartzCore
0x00007ff80b5f9000 	/System/Library/Frameworks/Security.framework/Versions/A/Security
0x00007ff81d5bf000 	/System/Library/Frameworks/Carbon.framework/Versions/A/Frameworks/SpeechRecognition.framework/Versions/A/SpeechRecognition
0x00007ff811902000 	/System/Library/PrivateFrameworks/CoreUI.framework/Versions/A/CoreUI
0x00007ff80aeeb000 	/System/Library/Frameworks/CoreAudio.framework/Versions/A/CoreAudio
0x00007ff8109c3000 	/System/Library/Frameworks/DiskArbitration.framework/Versions/A/DiskArbitration
0x00007ff818233000 	/System/Library/PrivateFrameworks/MultitouchSupport.framework/Versions/A/MultitouchSupport
0x00007ff80dfca000 	/usr/lib/libenergytrace.dylib
0x00007ff827fd6000 	/System/Library/PrivateFrameworks/RenderBox.framework/Versions/A/RenderBox
0x00007ff80bfb2000 	/System/Library/Frameworks/IOKit.framework/Versions/A/IOKit
0x00007ff81d9d7000 	/System/Library/Frameworks/CoreServices.framework/Versions/A/CoreServices
0x00007ff811b6a000 	/System/Library/PrivateFrameworks/PerformanceAnalysis.framework/Versions/A/PerformanceAnalysis
0x00007ffa20738000 	/System/Library/Frameworks/OpenGL.framework/Versions/A/OpenGL
0x00007ff811c1f000 	/usr/lib/libxml2.2.dylib
0x00007ff81530f000 	/System/Library/PrivateFrameworks/MobileKeyBag.framework/Versions/A/MobileKeyBag
0x00007ff8086fc000 	/usr/lib/libobjc.A.dylib
0x00007ff8089f4000 	/usr/lib/libc++.1.dylib
0x00007ff81d94e000 	/System/Library/Frameworks/Accessibility.framework/Versions/A/Accessibility
0x00007ff80ed57000 	/System/Library/Frameworks/ColorSync.framework/Versions/A/ColorSync
0x00007ff808b2c000 	/System/Library/Frameworks/CoreFoundation.framework/Versions/A/CoreFoundation
0x00007ff813efd000 	/System/Library/Frameworks/CoreImage.framework/Versions/A/CoreImage
0x00007ff80ace6000 	/System/Library/Frameworks/CoreText.framework/Versions/A/CoreText
0x00007ffa24284000 	/System/Library/Frameworks/CoreTransferable.framework/Versions/A/CoreTransferable
0x00007ffa246cd000 	/System/Library/Frameworks/DeveloperToolsSupport.framework/Versions/A/DeveloperToolsSupport
0x00007ff813bcb000 	/System/Library/Frameworks/ImageIO.framework/Versions/A/ImageIO
0x00007ffb08cf7000 	/System/Library/Frameworks/Symbols.framework/Versions/A/Symbols
0x00007ff815fcc000 	/System/Library/PrivateFrameworks/SoftLinking.framework/Versions/A/SoftLinking
0x00007ff81948d000 	/usr/lib/swift/libswiftCore.dylib
0x00007ff90ef3b000 	/usr/lib/swift/libswiftCoreFoundation.dylib
0x00007ff90ce6b000 	/usr/lib/swift/libswiftCoreGraphics.dylib
0x00007ff90ef78000 	/usr/lib/swift/libswiftCoreImage.dylib
0x00007ff90ce72000 	/usr/lib/swift/libswiftDarwin.dylib
0x00007ff81f346000 	/usr/lib/swift/libswiftDispatch.dylib
0x00007ff90ef79000 	/usr/lib/swift/libswiftIOKit.dylib
0x00007ff91af37000 	/usr/lib/swift/libswiftMetal.dylib
0x00007ff927994000 	/usr/lib/swift/libswiftOSLog.dylib
0x00007ff821ab8000 	/usr/lib/swift/libswiftObjectiveC.dylib
0x00007ff91eb3c000 	/usr/lib/swift/libswiftQuartzCore.dylib
0x00007ff922baf000 	/usr/lib/swift/libswiftUniformTypeIdentifiers.dylib
0x00007ff90ef4b000 	/usr/lib/swift/libswiftXPC.dylib
0x00007ffc17776000 	/usr/lib/swift/libswift_Concurrency.dylib
0x00007ff821abc000 	/usr/lib/swift/libswiftos.dylib
0x00007ff9121d4000 	/usr/lib/swift/libswiftsimd.dylib
0x00007ff816163000 	/usr/lib/libcompression.dylib
0x00007ff818983000 	/System/Library/PrivateFrameworks/TextureIO.framework/Versions/A/TextureIO
0x00007ff817875000 	/usr/lib/libate.dylib
0x00007ff815fc0000 	/usr/lib/system/libcache.dylib
0x00007ff815f7b000 	/usr/lib/system/libcommonCrypto.dylib
0x00007ff815fa4000 	/usr/lib/system/libcompiler_rt.dylib
0x00007ff815f9a000 	/usr/lib/system/libcopyfile.dylib
0x00007ff80883d000 	/usr/lib/system/libcorecrypto.dylib
0x00007ff808922000 	/usr/lib/system/libdispatch.dylib
0x00007ff808ad3000 	/usr/lib/system/libdyld.dylib
0x00007ff815fb6000 	/usr/lib/system/libkeymgr.dylib
0x00007ff815f57000 	/usr/lib/system/libmacho.dylib
0x00007ff8153e9000 	/usr/lib/system/libquarantine.dylib
0x00007ff815fb4000 	/usr/lib/system/libremovefile.dylib
0x00007ff80e03c000 	/usr/lib/system/libsystem_asl.dylib
0x00007ff8087db000 	/usr/lib/system/libsystem_blocks.dylib
0x00007ff80896c000 	/usr/lib/system/libsystem_c.dylib
0x00007ff815fac000 	/usr/lib/system/libsystem_collections.dylib
0x00007ff814348000 	/usr/lib/system/libsystem_configuration.dylib
0x00007ff8133ba000 	/usr/lib/system/libsystem_containermanager.dylib
0x00007ff815bae000 	/usr/lib/system/libsystem_coreservices.dylib
0x00007ff80bc2c000 	/usr/lib/system/libsystem_darwin.dylib
0x00007ffc17a92000 	/usr/lib/system/libsystem_darwindirectory.dylib
0x00007ff815fb7000 	/usr/lib/system/libsystem_dnssd.dylib
0x00007ff808969000 	/usr/lib/system/libsystem_featureflags.dylib
0x00007ff808b01000 	/usr/lib/system/libsystem_info.dylib
0x00007ff815ee9000 	/usr/lib/system/libsystem_m.dylib
0x00007ff8088e9000 	/usr/lib/system/libsystem_malloc.dylib
0x00007ff80dfb2000 	/usr/lib/system/libsystem_networkextension.dylib
0x00007ff80c075000 	/usr/lib/system/libsystem_notify.dylib
0x00007ff81434c000 	/usr/lib/system/libsystem_sandbox.dylib
0x00007ff815fb1000 	/usr/lib/system/libsystem_secinit.dylib
0x00007ff808a8c000 	/usr/lib/system/libsystem_kernel.dylib
0x00007ff808af7000 	/usr/lib/system/libsystem_platform.dylib
0x00007ff808ac7000 	/usr/lib/system/libsystem_pthread.dylib
0x00007ff80fc83000 	/usr/lib/system/libsystem_symptoms.dylib
0x00007ff808823000 	/usr/lib/system/libsystem_trace.dylib
0x00007ff815f87000 	/usr/lib/system/libunwind.dylib
0x00007ff8087df000 	/usr/lib/system/libxpc.dylib
0x00007ff808a73000 	/usr/lib/libc++abi.dylib
0x00007ff815f92000 	/usr/lib/liboah.dylib
0x00007ff817602000 	/usr/lib/liblzma.5.dylib
0x00007ff815fc8000 	/usr/lib/libfakelink.dylib
0x00007ff80dc05000 	/System/Library/Frameworks/CFNetwork.framework/Versions/A/CFNetwork
0x00007ff81601a000 	/usr/lib/libarchive.2.dylib
0x00007ff81b837000 	/System/Library/Frameworks/Combine.framework/Versions/A/Combine
0x00007ffb0dd1a000 	/System/Library/PrivateFrameworks/CollectionsInternal.framework/Versions/A/CollectionsInternal
0x00007ffb22f1a000 	/System/Library/PrivateFrameworks/ReflectionInternal.framework/Versions/A/ReflectionInternal
0x00007ffb234fb000 	/System/Library/PrivateFrameworks/RuntimeInternal.framework/Versions/A/RuntimeInternal
0x00007ffc178b1000 	/usr/lib/swift/libswift_StringProcessing.dylib
0x00007ff80bf31000 	/System/Library/PrivateFrameworks/CoreServicesInternal.framework/Versions/A/CoreServicesInternal
0x00007ff815410000 	/usr/lib/libbsm.0.dylib
0x00007ff815f5f000 	/usr/lib/system/libkxld.dylib
0x00007ff811b9e000 	/System/Library/Frameworks/CoreServices.framework/Versions/A/Frameworks/FSEvents.framework/Versions/A/FSEvents
0x00007ff80bc37000 	/System/Library/Frameworks/CoreServices.framework/Versions/A/Frameworks/CarbonCore.framework/Versions/A/CarbonCore
0x00007ff81092b000 	/System/Library/Frameworks/CoreServices.framework/Versions/A/Frameworks/Metadata.framework/Versions/A/Metadata
0x00007ff815bb4000 	/System/Library/Frameworks/CoreServices.framework/Versions/A/Frameworks/OSServices.framework/Versions/A/OSServices
0x00007ff8160a3000 	/System/Library/Frameworks/CoreServices.framework/Versions/A/Frameworks/SearchKit.framework/Versions/A/SearchKit
0x00007ff80fc09000 	/System/Library/Frameworks/CoreServices.framework/Versions/A/Frameworks/AE.framework/Versions/A/AE
0x00007ff808fc5000 	/System/Library/Frameworks/CoreServices.framework/Versions/A/Frameworks/LaunchServices.framework/Versions/A/LaunchServices
0x00007ff8175b3000 	/System/Library/Frameworks/CoreServices.framework/Versions/A/Frameworks/DictionaryServices.framework/Versions/A/DictionaryServices
0x00007ff811bab000 	/System/Library/Frameworks/CoreServices.framework/Versions/A/Frameworks/SharedFileList.framework/Versions/A/SharedFileList
0x00007ff81612d000 	/usr/lib/libapple_nghttp2.dylib
0x00007ff80f8a2000 	/usr/lib/libsqlite3.dylib
0x00007ff80fc8b000 	/System/Library/Frameworks/Network.framework/Versions/A/Network
0x00007ffc16116000 	/usr/lib/libCoreEntitlements.dylib
0x00007ffb1eac1000 	/System/Library/PrivateFrameworks/MessageSecurity.framework/Versions/A/MessageSecurity
0x00007ff80f889000 	/System/Library/PrivateFrameworks/ProtocolBuffer.framework/Versions/A/ProtocolBuffer
0x00007ff815ad1000 	/System/Library/PrivateFrameworks/AppleFSCompression.framework/Versions/A/AppleFSCompression
0x00007ff8153f8000 	/usr/lib/libcoretls.dylib
0x00007ff81761b000 	/usr/lib/libcoretls_cfhelpers.dylib
0x00007ff81615d000 	/usr/lib/libpam.2.dylib
0x00007ff817693000 	/usr/lib/libxar.1.dylib
0x00007ff817c40000 	/usr/lib/libheimdal-asn1.dylib
0x00007ff80dc04000 	/usr/lib/libnetwork.dylib
0x00007ff815fcd000 	/usr/lib/libpcap.A.dylib
0x00007ff80fc79000 	/usr/lib/libdns_services.dylib
0x00007ff814353000 	/System/Library/PrivateFrameworks/AppleSystemInfo.framework/Versions/A/AppleSystemInfo
0x00007ff815111000 	/System/Library/PrivateFrameworks/IOMobileFramebuffer.framework/Versions/A/IOMobileFramebuffer
0x00007ffc177fd000 	/usr/lib/swift/libswift_RegexParser.dylib
0x00007ff815b9f000 	/usr/lib/libbz2.1.0.dylib
0x00007ff8153ec000 	/usr/lib/libCheckFix.dylib
0x00007ff80e053000 	/System/Library/PrivateFrameworks/TCC.framework/Versions/A/TCC
0x00007ff814359000 	/System/Library/PrivateFrameworks/CoreNLP.framework/Versions/A/CoreNLP
0x00007ff8108e5000 	/System/Library/PrivateFrameworks/MetadataUtilities.framework/Versions/A/MetadataUtilities
0x00007ff815420000 	/usr/lib/libmecab.dylib
0x00007ff809785000 	/usr/lib/libCRFSuite.dylib
0x00007ff815479000 	/usr/lib/libgermantok.dylib
0x00007ff816109000 	/usr/lib/libThaiTokenizer.dylib
0x00007ff8109cb000 	/System/Library/Frameworks/Accelerate.framework/Versions/A/Frameworks/vImage.framework/Versions/A/vImage
0x00007ff81d9aa000 	/System/Library/Frameworks/Accelerate.framework/Versions/A/Frameworks/vecLib.framework/Versions/A/vecLib
0x00007ff8176d5000 	/System/Library/Frameworks/Accelerate.framework/Versions/A/Frameworks/vecLib.framework/Versions/A/libvMisc.dylib
0x00007ff814ee2000 	/System/Library/Frameworks/Accelerate.framework/Versions/A/Frameworks/vecLib.framework/Versions/A/libvDSP.dylib
0x00007ff8093cb000 	/System/Library/Frameworks/Accelerate.framework/Versions/A/Frameworks/vecLib.framework/Versions/A/libBLAS.dylib
0x00007ff816243000 	/System/Library/Frameworks/Accelerate.framework/Versions/A/Frameworks/vecLib.framework/Versions/A/libLAPACK.dylib
0x00007ff81547c000 	/System/Library/Frameworks/Accelerate.framework/Versions/A/Frameworks/vecLib.framework/Versions/A/libLinearAlgebra.dylib
0x00007ff816148000 	/System/Library/Frameworks/Accelerate.framework/Versions/A/Frameworks/vecLib.framework/Versions/A/libSparseBLAS.dylib
0x00007ff81623d000 	/System/Library/Frameworks/Accelerate.framework/Versions/A/Frameworks/vecLib.framework/Versions/A/libQuadrature.dylib
0x00007ff814468000 	/System/Library/Frameworks/Accelerate.framework/Versions/A/Frameworks/vecLib.framework/Versions/A/libBNNS.dylib
0x00007ff809686000 	/System/Library/Frameworks/Accelerate.framework/Versions/A/Frameworks/vecLib.framework/Versions/A/libSparse.dylib
0x00007ffb1d40f000 	/System/Library/PrivateFrameworks/MIL.framework/Versions/A/MIL
0x00007ff816002000 	/usr/lib/libiconv.2.dylib
0x00007ff815f53000 	/usr/lib/libcharset.1.dylib
0x00007ff811b82000 	/System/Library/Frameworks/OpenDirectory.framework/Versions/A/Frameworks/CFOpenDirectory.framework/Versions/A/CFOpenDirectory
0x00007ff811b76000 	/System/Library/Frameworks/OpenDirectory.framework/Versions/A/OpenDirectory
0x00007ff81761d000 	/System/Library/PrivateFrameworks/APFS.framework/Versions/A/APFS
0x00007ff815332000 	/System/Library/Frameworks/SecurityFoundation.framework/Versions/A/SecurityFoundation
0x00007ff8176a1000 	/usr/lib/libutil.dylib
0x00007ffb1b8dc000 	/System/Library/PrivateFrameworks/InstalledContentLibrary.framework/Versions/A/InstalledContentLibrary
0x00007ff80bf72000 	/System/Library/PrivateFrameworks/CoreServicesStore.framework/Versions/A/CoreServicesStore
0x00007ffb0bc4d000 	/System/Library/PrivateFrameworks/AppleMobileFileIntegrity.framework/Versions/A/AppleMobileFileIntegrity
0x00007ff90ef1b000 	/usr/lib/libmis.dylib
0x00007ff91f009000 	/System/Library/PrivateFrameworks/MobileSystemServices.framework/Versions/A/MobileSystemServices
0x00007ffa1c367000 	/System/Library/PrivateFrameworks/ConfigProfileHelper.framework/Versions/A/ConfigProfileHelper
0x00007ff81610b000 	/System/Library/PrivateFrameworks/AppleSauce.framework/Versions/A/AppleSauce
0x00007ff80a684000 	/System/Library/PrivateFrameworks/LanguageModeling.framework/Versions/A/LanguageModeling
0x00007ff8176a5000 	/usr/lib/libxslt.1.dylib
0x00007ff816009000 	/usr/lib/libcmph.dylib
0x00007ff8150e0000 	/System/Library/PrivateFrameworks/CoreEmoji.framework/Versions/A/CoreEmoji
0x00007ff814463000 	/System/Library/PrivateFrameworks/LinguisticData.framework/Versions/A/LinguisticData
0x00007ff8095a3000 	/System/Library/PrivateFrameworks/Lexicon.framework/Versions/A/Lexicon
0x00007ff8153bb000 	/System/Library/PrivateFrameworks/BackgroundTaskManagement.framework/Versions/A/BackgroundTaskManagement
0x00007ffc16292000 	/usr/lib/libTLE.dylib
0x00007ff8180fb000 	/System/Library/PrivateFrameworks/AppleJPEG.framework/Versions/A/AppleJPEG
0x00007ff817c25000 	/usr/lib/libexpat.1.dylib
0x00007ff8187dc000 	/System/Library/Frameworks/ImageIO.framework/Versions/A/Resources/libPng.dylib
0x00007ff818809000 	/System/Library/Frameworks/ImageIO.framework/Versions/A/Resources/libTIFF.dylib
0x00007ff8188fb000 	/System/Library/Frameworks/ImageIO.framework/Versions/A/Resources/libGIF.dylib
0x00007ff818147000 	/System/Library/Frameworks/ImageIO.framework/Versions/A/Resources/libJP2.dylib
0x00007ff81889b000 	/System/Library/Frameworks/ImageIO.framework/Versions/A/Resources/libJPEG.dylib
0x00007ff818892000 	/System/Library/Frameworks/ImageIO.framework/Versions/A/Resources/libRadiance.dylib
0x00007ff81377d000 	/System/Library/PrivateFrameworks/FontServices.framework/libFontParser.dylib
0x00007ff80fbaa000 	/System/Library/PrivateFrameworks/RunningBoardServices.framework/Versions/A/RunningBoardServices
0x00007ff8243c2000 	/System/Library/PrivateFrameworks/IOSurfaceAccelerator.framework/Versions/A/IOSurfaceAccelerator
0x00007ff81822f000 	/System/Library/PrivateFrameworks/WatchdogClient.framework/Versions/A/WatchdogClient
0x00007ff80a84d000 	/System/Library/Frameworks/CoreDisplay.framework/Versions/A/CoreDisplay
0x00007ff81364f000 	/System/Library/Frameworks/CoreMedia.framework/Versions/A/CoreMedia
0x00007ff8133f9000 	/System/Library/PrivateFrameworks/IOAccelerator.framework/Versions/A/IOAccelerator
0x00007ff811cfe000 	/System/Library/Frameworks/CoreVideo.framework/Versions/A/CoreVideo
0x00007ff81615b000 	/System/Library/Frameworks/MetalPerformanceShaders.framework/Versions/A/MetalPerformanceShaders
0x00007ff818270000 	/System/Library/Frameworks/VideoToolbox.framework/Versions/A/VideoToolbox
0x00007ff811d8a000 	/System/Library/PrivateFrameworks/UserManagement.framework/Versions/A/UserManagement
0x00007ff80fadc000 	/System/Library/PrivateFrameworks/BaseBoard.framework/Versions/A/BaseBoard
0x00007ff814352000 	/System/Library/PrivateFrameworks/AggregateDictionary.framework/Versions/A/AggregateDictionary
0x00007ffb0bbd1000 	/System/Library/PrivateFrameworks/AppleKeyStore.framework/Versions/A/AppleKeyStore
0x00007ff81888b000 	/System/Library/PrivateFrameworks/GPUWrangler.framework/Versions/A/GPUWrangler
0x00007ff81886f000 	/System/Library/PrivateFrameworks/IOPresentment.framework/Versions/A/IOPresentment
0x00007ff818895000 	/System/Library/PrivateFrameworks/DSExternalDisplay.framework/Versions/A/DSExternalDisplay
0x00007ffb1796e000 	/System/Library/PrivateFrameworks/GPUCompiler.framework/Versions/32023/Libraries/libllvm-flatbuffers.dylib
0x00007ffa2072c000 	/System/Library/Frameworks/OpenGL.framework/Versions/A/Libraries/libCoreFSCache.dylib
0x00007ffb144ee000 	/System/Library/PrivateFrameworks/GPUCompiler.framework/Versions/32023/Libraries/libGPUCompilerUtils.dylib
0x00007ff818901000 	/System/Library/PrivateFrameworks/CMCaptureCore.framework/Versions/A/CMCaptureCore
0x00007ffa247af000 	/System/Library/Frameworks/ExtensionFoundation.framework/Versions/A/ExtensionFoundation
0x00007ff81fb6d000 	/System/Library/PrivateFrameworks/CoreTime.framework/Versions/A/CoreTime
0x00007ff817ded000 	/System/Library/PrivateFrameworks/AppServerSupport.framework/Versions/A/AppServerSupport
0x00007ff81a365000 	/System/Library/PrivateFrameworks/perfdata.framework/Versions/A/perfdata
0x00007ff80a979000 	/System/Library/PrivateFrameworks/AudioToolboxCore.framework/Versions/A/AudioToolboxCore
0x00007ff813629000 	/System/Library/PrivateFrameworks/caulk.framework/Versions/A/caulk
0x00007ff819c03000 	/usr/lib/libAudioStatistics.dylib
0x00007ff90e314000 	/System/Library/PrivateFrameworks/SystemPolicy.framework/Versions/A/SystemPolicy
0x00007ff819ecf000 	/usr/lib/libSMC.dylib
0x00007ff823ab2000 	/System/Library/Frameworks/CoreMIDI.framework/Versions/A/CoreMIDI
0x00007ff8187a3000 	/usr/lib/libAudioToolboxUtility.dylib
0x00007ff909d7b000 	/System/Library/PrivateFrameworks/OSAServicesClient.framework/Versions/A/OSAServicesClient
0x00007ff81a372000 	/usr/lib/libperfcheck.dylib
0x00007ff817b06000 	/System/Library/PrivateFrameworks/PlugInKit.framework/Versions/A/PlugInKit
0x00007ff815325000 	/System/Library/PrivateFrameworks/AssertionServices.framework/Versions/A/AssertionServices
0x00007ffa0b47b000 	/System/Library/PrivateFrameworks/Symbolication.framework/Versions/A/Symbolication
0x00007ffb22092000 	/System/Library/PrivateFrameworks/PhotosensitivityProcessing.framework/Versions/A/PhotosensitivityProcessing
0x00007ffa21400000 	/System/Library/Frameworks/OpenCL.framework/Versions/A/OpenCL
0x00007ff817d98000 	/System/Library/PrivateFrameworks/GraphVisualizer.framework/Versions/A/GraphVisualizer
0x00007ffa20789000 	/System/Library/Frameworks/OpenGL.framework/Versions/A/Libraries/libGLU.dylib
0x00007ffa2074b000 	/System/Library/Frameworks/OpenGL.framework/Versions/A/Libraries/libGFXShared.dylib
0x00007ffa20948000 	/System/Library/Frameworks/OpenGL.framework/Versions/A/Libraries/libGL.dylib
0x00007ffa20753000 	/System/Library/Frameworks/OpenGL.framework/Versions/A/Libraries/libGLImage.dylib
0x00007ffa20748000 	/System/Library/Frameworks/OpenGL.framework/Versions/A/Libraries/libCVMSPluginSupport.dylib
0x00007ffc1624c000 	/usr/lib/libRosetta.dylib
0x00007ffa20733000 	/System/Library/Frameworks/OpenGL.framework/Versions/A/Libraries/libCoreVMClient.dylib
0x00007ffb1262c000 	/System/Library/PrivateFrameworks/FontServices.framework/Versions/A/FontServices
0x00007ff817da7000 	/System/Library/PrivateFrameworks/OTSVG.framework/Versions/A/OTSVG
0x00007ff8118b6000 	/System/Library/Frameworks/ApplicationServices.framework/Versions/A/Frameworks/ATS.framework/Versions/A/Resources/libFontRegistry.dylib
0x00007ff817df7000 	/System/Library/PrivateFrameworks/FontServices.framework/libhvf.dylib
0x00007ffb1262d000 	/System/Library/PrivateFrameworks/FontServices.framework/libXTFontStaticRegistryData.dylib
0x00007ff8142c7000 	/System/Library/Frameworks/MetalPerformanceShaders.framework/Versions/A/Frameworks/MPSCore.framework/Versions/A/MPSCore
0x00007ff815a37000 	/System/Library/Frameworks/MetalPerformanceShaders.framework/Versions/A/Frameworks/MPSImage.framework/Versions/A/MPSImage
0x00007ff815492000 	/System/Library/Frameworks/MetalPerformanceShaders.framework/Versions/A/Frameworks/MPSNeuralNetwork.framework/Versions/A/MPSNeuralNetwork
0x00007ff81590b000 	/System/Library/Frameworks/MetalPerformanceShaders.framework/Versions/A/Frameworks/MPSMatrix.framework/Versions/A/MPSMatrix
0x00007ff8156be000 	/System/Library/Frameworks/MetalPerformanceShaders.framework/Versions/A/Frameworks/MPSRayIntersector.framework/Versions/A/MPSRayIntersector
0x00007ff815946000 	/System/Library/Frameworks/MetalPerformanceShaders.framework/Versions/A/Frameworks/MPSNDArray.framework/Versions/A/MPSNDArray
0x00007ffa26473000 	/System/Library/Frameworks/MetalPerformanceShaders.framework/Versions/A/Frameworks/MPSFunctions.framework/Versions/A/MPSFunctions
0x00007ffa26455000 	/System/Library/Frameworks/MetalPerformanceShaders.framework/Versions/A/Frameworks/MPSBenchmarkLoop.framework/Versions/A/MPSBenchmarkLoop
0x00007ff80927b000 	/System/Library/PrivateFrameworks/MetalTools.framework/Versions/A/MetalTools
0x00007ff91350e000 	/System/Library/PrivateFrameworks/IOAccelMemoryInfo.framework/Versions/A/IOAccelMemoryInfo
0x00007ff91ef1b000 	/System/Library/PrivateFrameworks/kperf.framework/Versions/A/kperf
0x00007ff90ef2e000 	/System/Library/PrivateFrameworks/GPURawCounter.framework/Versions/A/GPURawCounter
0x00007ff81fa61000 	/System/Library/PrivateFrameworks/CoreSymbolication.framework/Versions/A/CoreSymbolication
0x00007ff90eeec000 	/System/Library/PrivateFrameworks/MallocStackLogging.framework/Versions/A/MallocStackLogging
0x00007ff8179ad000 	/System/Library/PrivateFrameworks/CrashReporterSupport.framework/Versions/A/CrashReporterSupport
0x00007ff81fa22000 	/System/Library/PrivateFrameworks/DebugSymbols.framework/Versions/A/DebugSymbols
0x00007ff91e24e000 	/System/Library/PrivateFrameworks/OSAnalytics.framework/Versions/A/OSAnalytics
0x00007ffc0d7be000 	/System/Library/PrivateFrameworks/VideoToolboxParavirtualizationSupport.framework/Versions/A/VideoToolboxParavirtualizationSupport
0x00007ff817bd5000 	/System/Library/PrivateFrameworks/AppleVA.framework/Versions/A/AppleVA
0x00007ff819c47000 	/System/Library/Frameworks/ApplicationServices.framework/Versions/A/Frameworks/ATS.framework/Versions/A/ATS
0x00007ff80ef04000 	/System/Library/Frameworks/ApplicationServices.framework/Versions/A/Frameworks/HIServices.framework/Versions/A/HIServices
0x00007ff81890f000 	/System/Library/Frameworks/ApplicationServices.framework/Versions/A/Frameworks/PrintCore.framework/Versions/A/PrintCore
0x00007ff81a025000 	/System/Library/Frameworks/ApplicationServices.framework/Versions/A/Frameworks/QD.framework/Versions/A/QD
0x00007ff81a01d000 	/System/Library/Frameworks/ApplicationServices.framework/Versions/A/Frameworks/ColorSyncLegacy.framework/Versions/A/ColorSyncLegacy
0x00007ff819c1b000 	/System/Library/Frameworks/ApplicationServices.framework/Versions/A/Frameworks/SpeechSynthesis.framework/Versions/A/SpeechSynthesis
0x00007ff8188cb000 	/System/Library/Frameworks/ApplicationServices.framework/Versions/A/Frameworks/ATSUI.framework/Versions/A/ATSUI
0x00007ff819faf000 	/usr/lib/libcups.2.dylib
0x00007ff81a381000 	/System/Library/Frameworks/Kerberos.framework/Versions/A/Kerberos
0x00007ff81a390000 	/System/Library/Frameworks/GSS.framework/Versions/A/GSS
0x00007ff819cc0000 	/usr/lib/libresolv.9.dylib
0x00007ff817e09000 	/System/Library/PrivateFrameworks/Heimdal.framework/Versions/A/Heimdal
0x00007ff821a25000 	/System/Library/Frameworks/Kerberos.framework/Versions/A/Libraries/libHeimdalProxy.dylib
0x00007ff81a3dd000 	/System/Library/PrivateFrameworks/CommonAuth.framework/Versions/A/CommonAuth
0x00007ffa236a5000 	/System/Library/Frameworks/AVFAudio.framework/Versions/A/AVFAudio
0x00007ff909dc4000 	/System/Library/PrivateFrameworks/AXCoreUtilities.framework/Versions/A/AXCoreUtilities
0x00007ff819b8b000 	/System/Library/PrivateFrameworks/AudioSession.framework/Versions/A/AudioSession
0x00007ff81b5ff000 	/System/Library/Frameworks/IOBluetooth.framework/Versions/A/IOBluetooth
0x00007ff817ce4000 	/System/Library/PrivateFrameworks/MediaExperience.framework/Versions/A/MediaExperience
0x00007ff8199e0000 	/System/Library/PrivateFrameworks/AudioSession.framework/libSessionUtility.dylib
0x00007ff81a031000 	/System/Library/PrivateFrameworks/AudioResourceArbitration.framework/Versions/A/AudioResourceArbitration
0x00007ff81e6e3000 	/System/Library/PrivateFrameworks/PowerLog.framework/Versions/A/PowerLog
0x00007ff81e604000 	/System/Library/Frameworks/CoreBluetooth.framework/Versions/A/CoreBluetooth
0x00007ff821a26000 	/System/Library/Frameworks/AudioUnit.framework/Versions/A/AudioUnit
0x00007ff815199000 	/System/Library/PrivateFrameworks/CoreUtils.framework/Versions/A/CoreUtils
0x00007ffb10e01000 	/System/Library/PrivateFrameworks/CoreUtilsExtras.framework/Versions/A/CoreUtilsExtras
0x00007ffb1b769000 	/System/Library/PrivateFrameworks/IO80211.framework/Versions/A/IO80211
0x00007ff909ddb000 	/usr/lib/libAccessibility.dylib
0x00007ff81dd24000 	/System/Library/Frameworks/MediaAccessibility.framework/Versions/A/MediaAccessibility
0x00007ff81f581000 	/System/Library/PrivateFrameworks/FrontBoardServices.framework/Versions/A/FrontBoardServices
0x00007ff82101e000 	/System/Library/PrivateFrameworks/BackBoardServices.framework/Versions/A/BackBoardServices
0x00007ff81f63d000 	/System/Library/PrivateFrameworks/BoardServices.framework/Versions/A/BoardServices
0x00007ff817c49000 	/System/Library/PrivateFrameworks/IconFoundation.framework/Versions/A/IconFoundation
0x00007ff81d5af000 	/System/Library/PrivateFrameworks/SpeechRecognitionCore.framework/Versions/A/SpeechRecognitionCore
0x00007ffa0ebf1000 	/System/Library/Frameworks/OSLog.framework/Versions/A/OSLog
0x00007ff90ee79000 	/System/Library/PrivateFrameworks/LoggingSupport.framework/Versions/A/LoggingSupport
0x000000010e5c4000 	/Library/Java/JavaVirtualMachines/jdk1.8.0_202.jdk/Contents/Home/jre/lib/server/libjvm.dylib
0x00007ff90ee25000 	/usr/lib/libstdc++.6.dylib
0x000000010d5ab000 	/Library/Java/JavaVirtualMachines/jdk1.8.0_202.jdk/Contents/Home/jre/lib/libverify.dylib
0x000000010d641000 	/Library/Java/JavaVirtualMachines/jdk1.8.0_202.jdk/Contents/Home/jre/lib/libjava.dylib
0x000000010d5e3000 	/Library/Java/JavaVirtualMachines/jdk1.8.0_202.jdk/Contents/Home/jre/lib/libzip.dylib
0x000000012abff000 	/Library/Java/JavaVirtualMachines/jdk1.8.0_202.jdk/Contents/Home/jre/lib/libprism_es2.dylib
0x00007ffa20953000 	/System/Library/Frameworks/OpenGL.framework/Versions/A/Resources/GLEngine.bundle/GLEngine
0x00007ffa207c6000 	/System/Library/Frameworks/OpenGL.framework/Versions/A/Libraries/libGLProgrammability.dylib
0x000000012ae8f000 	/System/Library/Extensions/AppleMetalOpenGLRenderer.bundle/Contents/MacOS/AppleMetalOpenGLRenderer
0x00007ffa20ac3000 	/System/Library/Frameworks/OpenGL.framework/Versions/A/Resources/GLRendererFloat.bundle/GLRendererFloat
0x00007ffa1e89f000 	/System/Library/Extensions/AGXMetalG13X.bundle/Contents/MacOS/AGXMetalG13X
0x00007ff908d04000 	/System/Library/PrivateFrameworks/IOGPU.framework/Versions/A/IOGPU
0x000000012b179000 	/Library/Java/JavaVirtualMachines/jdk1.8.0_202.jdk/Contents/Home/jre/lib/libglass.dylib
0x00007ff81ecca000 	/System/Library/Frameworks/FileProvider.framework/Versions/A/FileProvider
0x00007ff80fa44000 	/System/Library/Frameworks/Accounts.framework/Versions/A/Accounts
0x00007ff81ee71000 	/System/Library/PrivateFrameworks/GenerationalStorage.framework/Versions/A/GenerationalStorage
0x00007ff81e6d8000 	/System/Library/PrivateFrameworks/SymptomDiagnosticReporter.framework/Versions/A/SymptomDiagnosticReporter
0x00007ff80d6d1000 	/System/Library/PrivateFrameworks/DesktopServicesPriv.framework/Versions/A/DesktopServicesPriv
0x00007ff80c085000 	/usr/lib/libsandbox.1.dylib
0x00007ff81a012000 	/System/Library/PrivateFrameworks/NetAuth.framework/Versions/A/NetAuth
0x00007ff81b2d6000 	/System/Library/PrivateFrameworks/Sharing.framework/Versions/A/Sharing
0x00007ff811d4f000 	/System/Library/PrivateFrameworks/login.framework/Versions/A/Frameworks/loginsupport.framework/Versions/A/loginsupport
0x00007ff820e60000 	/System/Library/PrivateFrameworks/Apple80211.framework/Versions/A/Apple80211
0x00007ff815be1000 	/System/Library/PrivateFrameworks/AuthKit.framework/Versions/A/AuthKit
0x00007ff815120000 	/System/Library/Frameworks/CoreWLAN.framework/Versions/A/CoreWLAN
0x00007ff90ef32000 	/usr/lib/swift/libswiftCoreAudio.dylib
0x00007ff914249000 	/usr/lib/swift/libswiftCoreLocation.dylib
0x00007ff8179a4000 	/usr/lib/libIOReport.dylib
0x00007ff820e64000 	/System/Library/PrivateFrameworks/CoreWiFi.framework/Versions/A/CoreWiFi
0x00007ffa157dc000 	/System/Library/PrivateFrameworks/WiFiPeerToPeer.framework/Versions/A/WiFiPeerToPeer
0x00007ff815d84000 	/System/Library/Frameworks/UserNotifications.framework/Versions/A/UserNotifications
0x00007ff81a50d000 	/System/Library/PrivateFrameworks/CorePhoneNumbers.framework/Versions/A/CorePhoneNumbers
0x00007ff819ced000 	/System/Library/PrivateFrameworks/MultiverseSupport.framework/Versions/A/MultiverseSupport
0x00007ff82129d000 	/System/Library/PrivateFrameworks/RemoteServiceDiscovery.framework/Versions/A/RemoteServiceDiscovery
0x00007ff81e7f3000 	/System/Library/PrivateFrameworks/DiskManagement.framework/Versions/A/DiskManagement
0x00007ff81e70b000 	/System/Library/PrivateFrameworks/AppleIDAuthSupport.framework/Versions/A/AppleIDAuthSupport
0x00007ffb09cbc000 	/System/Library/PrivateFrameworks/AAAFoundation.framework/Versions/A/AAAFoundation
0x00007ff81a4e6000 	/System/Library/PrivateFrameworks/KeychainCircle.framework/Versions/A/KeychainCircle
0x00007ff8212b1000 	/System/Library/PrivateFrameworks/RemoteXPC.framework/Versions/A/RemoteXPC
0x00007ff821356000 	/usr/lib/libcsfde.dylib
0x00007ff817b4d000 	/usr/lib/libCoreStorage.dylib
0x00007ff81e7bf000 	/System/Library/PrivateFrameworks/MediaKit.framework/Versions/A/MediaKit
0x00007ff81e717000 	/System/Library/Frameworks/DiscRecording.framework/Versions/A/DiscRecording
0x00007ff81b6d6000 	/System/Library/PrivateFrameworks/ProtectedCloudStorage.framework/Versions/A/ProtectedCloudStorage
0x00007ff821352000 	/System/Library/PrivateFrameworks/EFILogin.framework/Versions/A/EFILogin
0x00007ff81ee99000 	/System/Library/PrivateFrameworks/OctagonTrust.framework/Versions/A/OctagonTrust
0x00007ff8132ae000 	/System/Library/Frameworks/CoreLocation.framework/Versions/A/CoreLocation
0x00007ff81b92e000 	/System/Library/PrivateFrameworks/GeoServices.framework/Versions/A/GeoServices
0x00007ff8199ac000 	/System/Library/PrivateFrameworks/LocationSupport.framework/Versions/A/LocationSupport
0x00007ffb1857c000 	/System/Library/PrivateFrameworks/GeoServicesCore.framework/Versions/A/GeoServicesCore
0x00007ff909dbb000 	/System/Library/PrivateFrameworks/PhoneNumbers.framework/Versions/A/PhoneNumbers
0x00007ff817b45000 	/usr/lib/libMatch.1.dylib
0x00007ff91422c000 	/System/Library/Frameworks/Accelerate.framework/Versions/A/Frameworks/vImage.framework/Versions/A/Libraries/libCGInterfaces.dylib
0x000000012d10f000 	/usr/lib/libobjc-trampolines.dylib
0x00007ffc15fd7000 	/usr/lib/libAccessibilityBaseImplementations.dylib
0x00007ff8243ce000 	/System/Library/PrivateFrameworks/FamilyControls.framework/Versions/A/FamilyControls
0x00007ff8243f2000 	/System/Library/PrivateFrameworks/CommerceKit.framework/Versions/A/Frameworks/CommerceCore.framework/Versions/A/CommerceCore
0x00007ff81dd5b000 	/System/Library/PrivateFrameworks/SystemAdministration.framework/Versions/A/SystemAdministration
0x00007ff81b6bb000 	/System/Library/PrivateFrameworks/AppContainer.framework/Versions/A/AppContainer
0x00007ff81b6d2000 	/System/Library/PrivateFrameworks/SecCodeWrapper.framework/Versions/A/SecCodeWrapper
0x00007ff817ebf000 	/System/Library/PrivateFrameworks/login.framework/Versions/A/login
0x00007ff818b38000 	/System/Library/Frameworks/MediaToolbox.framework/Versions/A/MediaToolbox
0x00007ff81d57b000 	/System/Library/Frameworks/DirectoryService.framework/Versions/A/DirectoryService
0x00007ff8211b2000 	/System/Library/PrivateFrameworks/DiskImages.framework/Versions/A/DiskImages
0x00007ff8153df000 	/System/Library/Frameworks/ServiceManagement.framework/Versions/A/ServiceManagement
0x00007ff8213da000 	/System/Library/PrivateFrameworks/LoginUIKit.framework/Versions/A/Frameworks/LoginUICore.framework/Versions/A/LoginUICore
0x00007ff81807f000 	/usr/lib/libodfde.dylib
0x00007ff81f74e000 	/System/Library/Frameworks/LocalAuthentication.framework/Versions/A/LocalAuthentication
0x00007ff81f78f000 	/System/Library/Frameworks/LocalAuthentication.framework/Support/SharedUtils.framework/Versions/A/SharedUtils
0x00007ff81f6ed000 	/System/Library/Frameworks/CryptoTokenKit.framework/Versions/A/CryptoTokenKit
0x00007ff81ec9a000 	/System/Library/PrivateFrameworks/CoreAVCHD.framework/Versions/A/CoreAVCHD
0x00007ff81ec96000 	/System/Library/PrivateFrameworks/Mangrove.framework/Versions/A/Mangrove
0x00007ffb0ceab000 	/System/Library/PrivateFrameworks/CMPhoto.framework/Versions/A/CMPhoto
0x00007ff81f229000 	/System/Library/Frameworks/CoreTelephony.framework/Versions/A/CoreTelephony
0x00007ff81f8f4000 	/System/Library/PrivateFrameworks/AppleVPA.framework/Versions/A/AppleVPA
0x00007ff81e8db000 	/System/Library/PrivateFrameworks/CoreAUC.framework/Versions/A/CoreAUC
0x00007ffb0b945000 	/System/Library/PrivateFrameworks/AppleJPEGXL.framework/Versions/A/AppleJPEGXL
0x00007ff81a516000 	/usr/lib/libTelephonyUtilDynamic.dylib
0x00007ff914865000 	/System/Library/PrivateFrameworks/MSUDataAccessor.framework/Versions/A/MSUDataAccessor
0x00007ff922d91000 	/usr/lib/libpartition2_dynamic.dylib
0x00007ff910a1a000 	/usr/lib/libbootpolicy.dylib
0x00007ff821362000 	/usr/lib/libcurl.4.dylib
0x00007ffc16752000 	/usr/lib/libcrypto.46.dylib
0x00007ffc173ef000 	/usr/lib/libssl.48.dylib
0x00007ff821040000 	/System/Library/Frameworks/LDAP.framework/Versions/A/LDAP
0x00007ff82107c000 	/System/Library/PrivateFrameworks/TrustEvaluationAgent.framework/Versions/A/TrustEvaluationAgent
0x00007ff819cd9000 	/usr/lib/libsasl2.2.dylib
0x00007ff811a62000 	/System/Library/PrivateFrameworks/ViewBridge.framework/Versions/A/ViewBridge
0x000000012df66000 	/Library/Java/JavaVirtualMachines/jdk1.8.0_202.jdk/Contents/Home/jre/lib/libjavafx_font.dylib
0x00000001318ac000 	/Library/Java/JavaVirtualMachines/jdk1.8.0_202.jdk/Contents/Home/jre/lib/libprism_common.dylib
0x00007ffb0a627000 	/System/Library/PrivateFrameworks/AccessibilityBundles.framework/Versions/A/AccessibilityBundles
0x00007ffc09fad000 	/System/Library/PrivateFrameworks/TextInputUI.framework/Versions/A/TextInputUI
0x00007ffc09fb5000 	/System/Library/PrivateFrameworks/TextInputUIMacHelper.framework/Versions/A/TextInputUIMacHelper
0x00007ff90dcc8000 	/System/Library/Frameworks/Carbon.framework/Versions/A/Carbon
0x00007ff825b25000 	/System/Library/Frameworks/Carbon.framework/Versions/A/Frameworks/CommonPanels.framework/Versions/A/CommonPanels
0x00007ff82134e000 	/System/Library/Frameworks/Carbon.framework/Versions/A/Frameworks/Help.framework/Versions/A/Help
0x00007ff825b29000 	/System/Library/Frameworks/Carbon.framework/Versions/A/Frameworks/ImageCapture.framework/Versions/A/ImageCapture
0x00007ff825b01000 	/System/Library/Frameworks/Carbon.framework/Versions/A/Frameworks/OpenScripting.framework/Versions/A/OpenScripting
0x00007ff825b21000 	/System/Library/Frameworks/Carbon.framework/Versions/A/Frameworks/Ink.framework/Versions/A/Ink
0x00007ff825b1d000 	/System/Library/Frameworks/Carbon.framework/Versions/A/Frameworks/SecurityHI.framework/Versions/A/SecurityHI

VM Arguments:
jvm_args: -Dfile.encoding=UTF-8 
java_command: /Users/alessandro/Desktop/SE/task_automation/TaskAutomation1/dist/run1983525046/TaskAutomation1.jar
java_class_path (initial): /Users/alessandro/Desktop/SE/task_automation/TaskAutomation1/dist/run1983525046/TaskAutomation1.jar
Launcher Type: SUN_STANDARD

Environment Variables:
PATH=/usr/bin:/bin:/usr/sbin:/sbin
SHELL=/bin/zsh

Signal Handlers:
SIGSEGV: [libjvm.dylib+0x5b719d], sa_mask[0]=11111111111111111111111111111111, sa_flags=SA_ONSTACK|SA_RESTART|SA_SIGINFO
SIGBUS: [libjvm.dylib+0x5b719d], sa_mask[0]=11111111111111111111111111111111, sa_flags=SA_RESTART|SA_SIGINFO
SIGFPE: [libjvm.dylib+0x48c8fc], sa_mask[0]=11111111111111111111111111111111, sa_flags=SA_RESTART|SA_SIGINFO
SIGPIPE: [libjvm.dylib+0x48c8fc], sa_mask[0]=11111111111111111111111111111111, sa_flags=SA_RESTART|SA_SIGINFO
SIGXFSZ: [libjvm.dylib+0x48c8fc], sa_mask[0]=11111111111111111111111111111111, sa_flags=SA_RESTART|SA_SIGINFO
SIGILL: [libjvm.dylib+0x48c8fc], sa_mask[0]=11111111111111111111111111111111, sa_flags=SA_RESTART|SA_SIGINFO
SIGUSR1: SIG_DFL, sa_mask[0]=00000000000000000000000000000000, sa_flags=none
SIGUSR2: [libjvm.dylib+0x48c41a], sa_mask[0]=00100000000000000000000000000000, sa_flags=SA_RESTART|SA_SIGINFO
SIGHUP: [libjvm.dylib+0x48a9a5], sa_mask[0]=11111111111111111111111111111111, sa_flags=SA_RESTART|SA_SIGINFO
SIGINT: SIG_IGN, sa_mask[0]=11111111011111110111111111111111, sa_flags=none
SIGTERM: [libjvm.dylib+0x48a9a5], sa_mask[0]=11111111111111111111111111111111, sa_flags=SA_RESTART|SA_SIGINFO
SIGQUIT: [libjvm.dylib+0x48a9a5], sa_mask[0]=11111111111111111111111111111111, sa_flags=SA_RESTART|SA_SIGINFO


---------------  S Y S T E M  ---------------

OS:Bsduname:Darwin 23.1.0 Darwin Kernel Version 23.1.0: Mon Oct  9 21:27:24 PDT 2023; root:xnu-10002.41.9~6/RELEASE_ARM64_T6000 x86_64
rlimit: STACK 8176k, CORE 0k, NPROC 2666, NOFILE 12544, AS infinity
load average:3.88 3.67 3.08

CPU:total 8 (initial active 8) (1 cores per cpu, 1 threads per core) family 6 model 44 stepping 0, cmov, cx8, fxsr, mmx, sse, sse2, sse3, ssse3, sse4.1, sse4.2, popcnt, aes, clmul, tsc, tscinvbit, tscinv

Memory: 4k page, physical 16777216k(35764k free)

/proc/meminfo:


vm_info: Java HotSpot(TM) 64-Bit Server VM (25.202-b08) for bsd-amd64 JRE (1.8.0_202-b08), built on Dec 15 2018 20:16:16 by "java_re" with gcc 4.2.1 (Based on Apple Inc. build 5658) (LLVM build 2336.11.00)

time: Thu Dec  7 10:44:00 2023
timezone: CET
elapsed time: 9 seconds (0d 0h 0m 9s)

